Determining if the pthread_create exist failed with the following output:
Change Dir: /home/pi/Documents/c_face_rec/build/CMakeFiles/CMakeTmp

Run Build Command:"/usr/bin/make" "cmTC_8d2e4/fast"
/usr/bin/make -f CMakeFiles/cmTC_8d2e4.dir/build.make CMakeFiles/cmTC_8d2e4.dir/build
make[1]: Entering directory '/home/pi/Documents/c_face_rec/build/CMakeFiles/CMakeTmp'
Building C object CMakeFiles/cmTC_8d2e4.dir/CheckSymbolExists.c.o
/usr/bin/aarch64-linux-gnu-gcc-7   -fPIC    -o CMakeFiles/cmTC_8d2e4.dir/CheckSymbolExists.c.o   -c /home/pi/Documents/c_face_rec/build/CMakeFiles/CMakeTmp/CheckSymbolExists.c
Linking C executable cmTC_8d2e4
/usr/bin/cmake -E cmake_link_script CMakeFiles/cmTC_8d2e4.dir/link.txt --verbose=1
/usr/bin/aarch64-linux-gnu-gcc-7 -fPIC     CMakeFiles/cmTC_8d2e4.dir/CheckSymbolExists.c.o  -o cmTC_8d2e4 
CMakeFiles/cmTC_8d2e4.dir/CheckSymbolExists.c.o: In function `main':
CheckSymbolExists.c:(.text+0x14): undefined reference to `pthread_create'
CheckSymbolExists.c:(.text+0x18): undefined reference to `pthread_create'
collect2: error: ld returned 1 exit status
CMakeFiles/cmTC_8d2e4.dir/build.make:97: recipe for target 'cmTC_8d2e4' failed
make[1]: *** [cmTC_8d2e4] Error 1
make[1]: Leaving directory '/home/pi/Documents/c_face_rec/build/CMakeFiles/CMakeTmp'
Makefile:126: recipe for target 'cmTC_8d2e4/fast' failed
make: *** [cmTC_8d2e4/fast] Error 2

File /home/pi/Documents/c_face_rec/build/CMakeFiles/CMakeTmp/CheckSymbolExists.c:
/* */
#include <pthread.h>

int main(int argc, char** argv)
{
  (void)argv;
#ifndef pthread_create
  return ((int*)(&pthread_create))[argc];
#else
  (void)argc;
  return 0;
#endif
}

Determining if the function pthread_create exists in the pthreads failed with the following output:
Change Dir: /home/pi/Documents/c_face_rec/build/CMakeFiles/CMakeTmp

Run Build Command:"/usr/bin/make" "cmTC_17621/fast"
/usr/bin/make -f CMakeFiles/cmTC_17621.dir/build.make CMakeFiles/cmTC_17621.dir/build
make[1]: Entering directory '/home/pi/Documents/c_face_rec/build/CMakeFiles/CMakeTmp'
Building C object CMakeFiles/cmTC_17621.dir/CheckFunctionExists.c.o
/usr/bin/aarch64-linux-gnu-gcc-7   -fPIC -DCHECK_FUNCTION_EXISTS=pthread_create   -o CMakeFiles/cmTC_17621.dir/CheckFunctionExists.c.o   -c /usr/share/cmake-3.10/Modules/CheckFunctionExists.c
Linking C executable cmTC_17621
/usr/bin/cmake -E cmake_link_script CMakeFiles/cmTC_17621.dir/link.txt --verbose=1
/usr/bin/aarch64-linux-gnu-gcc-7 -fPIC -DCHECK_FUNCTION_EXISTS=pthread_create    CMakeFiles/cmTC_17621.dir/CheckFunctionExists.c.o  -o cmTC_17621 -lpthreads 
/usr/bin/ld: cannot find -lpthreads
collect2: error: ld returned 1 exit status
CMakeFiles/cmTC_17621.dir/build.make:97: recipe for target 'cmTC_17621' failed
make[1]: *** [cmTC_17621] Error 1
make[1]: Leaving directory '/home/pi/Documents/c_face_rec/build/CMakeFiles/CMakeTmp'
Makefile:126: recipe for target 'cmTC_17621/fast' failed
make: *** [cmTC_17621/fast] Error 2


